Change Component Designator: OldDesignator=C3 NewDesignator=C4
Change Component Designator: OldDesignator=C4 NewDesignator=C5
Change Component Designator: OldDesignator=C5 NewDesignator=C6
Change Component Designator: OldDesignator=C6 NewDesignator=C7
Change Component Designator: OldDesignator=C7 NewDesignator=C8
Change Component Designator: OldDesignator=C8 NewDesignator=C9
Change Component Designator: OldDesignator=C9 NewDesignator=C10
Change Component Designator: OldDesignator=C10 NewDesignator=C11
Change Component Designator: OldDesignator=C?1 NewDesignator=C3
Change Component Designator: OldDesignator=C?2 NewDesignator=C?1
Change Component Designator: OldDesignator=C?3 NewDesignator=C?2
Change Component Designator: OldDesignator=D1 NewDesignator=D4
Change Component Designator: OldDesignator=D2 NewDesignator=D5
Change Component Designator: OldDesignator=D3 NewDesignator=D6
Change Component Designator: OldDesignator=D?2 NewDesignator=D1
Change Component Designator: OldDesignator=D?3 NewDesignator=D2
Change Component Designator: OldDesignator=D?4 NewDesignator=D3
Change Component Designator: OldDesignator=R1 NewDesignator=R4
Change Component Designator: OldDesignator=R2 NewDesignator=R5
Change Component Designator: OldDesignator=R3 NewDesignator=R6
Change Component Designator: OldDesignator=R4 NewDesignator=R7
Change Component Designator: OldDesignator=R5 NewDesignator=R8
Change Component Designator: OldDesignator=R6 NewDesignator=R9
Change Component Designator: OldDesignator=R7 NewDesignator=R10
Change Component Designator: OldDesignator=R8 NewDesignator=R11
Change Component Designator: OldDesignator=R9 NewDesignator=R12
Change Component Designator: OldDesignator=R10 NewDesignator=R13
Change Component Designator: OldDesignator=R11 NewDesignator=R14
Change Component Designator: OldDesignator=R16 NewDesignator=R19
Change Component Designator: OldDesignator=R?1 NewDesignator=R1
Change Component Designator: OldDesignator=R?2 NewDesignator=R2
Change Component Designator: OldDesignator=R?3 NewDesignator=R3
Change Component Designator: OldDesignator=R?4 NewDesignator=R?1
Change Component Designator: OldDesignator=R?5 NewDesignator=R?2
Add Pin To Net: Unknown Pin: Pin *1-0
Add Pin To Net: Unknown Pin: Pin R15-1
Add Pin To Net: Unknown Pin: Pin R15-2
Add Pin To Net: Unknown Pin: Pin R16-1
Add Pin To Net: Unknown Pin: Pin R16-2
Add Pin To Net: Unknown Pin: Pin R17-1
Add Pin To Net: Unknown Pin: Pin R17-2
Add Pin To Net: Unknown Pin: Pin R18-1
Add Pin To Net: Unknown Pin: Pin R18-2
Change Net Name : Old Net Name=NetC4_2 New Net Name=NetC5_2
Change Net Name : Old Net Name=NetC8_2 New Net Name=NetC9_2
Change Net Name : Old Net Name=NetC9_2 New Net Name=NetC10_2
Change Net Name : Old Net Name=NetC10_2 New Net Name=NetC11_2
Change Net Name : Old Net Name=NetC?1_2 New Net Name=NetC3_2
Change Net Name : Old Net Name=NetC?2_2 New Net Name=NetC?1_2
Change Net Name : Old Net Name=NetC?3_2 New Net Name=NetC?2_2
Change Net Name : Old Net Name=NetD2_2 New Net Name=NetD5_2
Change Net Name : Old Net Name=NetD3_1 New Net Name=NetD6_1
Change Net Name : Old Net Name=NetD?2_1 New Net Name=NetD1_1
Change Net Name : Old Net Name=NetD?3_1 New Net Name=NetD2_1
Change Net Name : Old Net Name=NetD?4_1 New Net Name=NetD3_1
