Change Component Physical Designator: Old Designator=C3 New Designator=C4
Change Component Physical Designator: Old Designator=C4 New Designator=C5
Change Component Physical Designator: Old Designator=C5 New Designator=C6
Change Component Physical Designator: Old Designator=C6 New Designator=C7
Change Component Physical Designator: Old Designator=C7 New Designator=C8
Change Component Physical Designator: Old Designator=C8 New Designator=C9
Change Component Physical Designator: Old Designator=C9 New Designator=C10
Change Component Physical Designator: Old Designator=C10 New Designator=C11
Change Component Physical Designator: Old Designator=C?1 New Designator=C3
Change Component Physical Designator: Old Designator=C?2 New Designator=C?1
Change Component Physical Designator: Old Designator=C?3 New Designator=C?2
Change Component Physical Designator: Old Designator=D1 New Designator=D4
Change Component Physical Designator: Old Designator=D2 New Designator=D5
Change Component Physical Designator: Old Designator=D3 New Designator=D6
Change Component Physical Designator: Old Designator=D?2 New Designator=D1
Change Component Physical Designator: Old Designator=D?3 New Designator=D2
Change Component Physical Designator: Old Designator=D?4 New Designator=D3
Change Component Physical Designator: Old Designator=R1 New Designator=R4
Change Component Physical Designator: Old Designator=R2 New Designator=R5
Change Component Physical Designator: Old Designator=R3 New Designator=R6
Change Component Physical Designator: Old Designator=R4 New Designator=R7
Change Component Physical Designator: Old Designator=R5 New Designator=R8
Change Component Physical Designator: Old Designator=R6 New Designator=R9
Change Component Physical Designator: Old Designator=R7 New Designator=R10
Change Component Physical Designator: Old Designator=R8 New Designator=R11
Change Component Physical Designator: Old Designator=R9 New Designator=R12
Change Component Physical Designator: Old Designator=R10 New Designator=R13
Change Component Physical Designator: Old Designator=R11 New Designator=R14
Change Component Physical Designator: Old Designator=R12 New Designator=R15
Change Component Physical Designator: Old Designator=R13 New Designator=R16
Change Component Physical Designator: Old Designator=R14 New Designator=R17
Change Component Physical Designator: Old Designator=R15 New Designator=R18
Change Component Physical Designator: Old Designator=R16 New Designator=R19
Change Component Physical Designator: Old Designator=R?1 New Designator=R1
Change Component Physical Designator: Old Designator=R?2 New Designator=R2
Change Component Physical Designator: Old Designator=R?3 New Designator=R3
Change Component Physical Designator: Old Designator=R?4 New Designator=R?1
Change Component Physical Designator: Old Designator=R?5 New Designator=R?2
