Reset Component Physical Designator: Old Designator=C1 New Designator=C1
Reset Component Physical Designator: Old Designator=C2 New Designator=C2
Reset Component Physical Designator: Old Designator=C3 New Designator=C3
Reset Component Physical Designator: Old Designator=C4 New Designator=C4
Reset Component Physical Designator: Old Designator=C5 New Designator=C5
Reset Component Physical Designator: Old Designator=C6 New Designator=C6
Reset Component Physical Designator: Old Designator=C7 New Designator=C7
Reset Component Physical Designator: Old Designator=C8 New Designator=C8
Reset Component Physical Designator: Old Designator=C9 New Designator=C9
Reset Component Physical Designator: Old Designator=C10 New Designator=C10
Reset Component Physical Designator: Old Designator=D1 New Designator=D1
Reset Component Physical Designator: Old Designator=D2 New Designator=D2
Reset Component Physical Designator: Old Designator=D3 New Designator=D3
Reset Component Physical Designator: Old Designator=J1 New Designator=J1
Reset Component Physical Designator: Old Designator=J2 New Designator=J2
Reset Component Physical Designator: Old Designator=J3 New Designator=J3
Reset Component Physical Designator: Old Designator=J4 New Designator=J4
Reset Component Physical Designator: Old Designator=R3 New Designator=R1
Reset Component Physical Designator: Old Designator=R4 New Designator=R2
Reset Component Physical Designator: Old Designator=R5 New Designator=R3
Reset Component Physical Designator: Old Designator=R6 New Designator=R4
Reset Component Physical Designator: Old Designator=R7 New Designator=R5
Reset Component Physical Designator: Old Designator=R8 New Designator=R6
Reset Component Physical Designator: Old Designator=S6 New Designator=S1
Reset Component Physical Designator: Old Designator=U1 New Designator=U1
Reset Component Physical Designator: Old Designator=U2 New Designator=U2
Reset Component Physical Designator: Old Designator=Y1 New Designator=Y1
