Change Component Designator: OldDesignator=D1 NewDesignator=D2
Change Component Designator: OldDesignator=D2 NewDesignator=D3
Change Component Designator: OldDesignator=D3 NewDesignator=D4
Change Component Designator: OldDesignator=D4 NewDesignator=D5
Change Component Designator: OldDesignator=D5 NewDesignator=D6
Change Component Designator: OldDesignator=D6 NewDesignator=D7
Change Component Designator: OldDesignator=D?1 NewDesignator=D1
Change Component Designator: OldDesignator=U1 NewDesignator=U2
Change Component Designator: OldDesignator=U2 NewDesignator=U3
Change Component Designator: OldDesignator=U?1 NewDesignator=U1
Add Pin To Net: Unknown Pin: Pin *1-0
Add Pin To Net: Unknown Pin: Pin R15-1
Add Pin To Net: Unknown Pin: Pin R15-2
Add Pin To Net: Unknown Pin: Pin R16-1
Add Pin To Net: Unknown Pin: Pin R16-2
Add Pin To Net: Unknown Pin: Pin R17-1
Add Pin To Net: Unknown Pin: Pin R17-2
Add Pin To Net: Unknown Pin: Pin R18-1
Add Pin To Net: Unknown Pin: Pin R18-2
Change Net Name : Old Net Name=NetD1_1 New Net Name=NetD2_1
Change Net Name : Old Net Name=NetD2_1 New Net Name=NetD3_1
Change Net Name : Old Net Name=NetD3_1 New Net Name=NetD4_1
Change Net Name : Old Net Name=NetD5_2 New Net Name=NetD6_2
Change Net Name : Old Net Name=NetD6_1 New Net Name=NetD7_1
